[0m12:26:19.651627 [debug] [MainThread]: Sending event: {'category': 'dbt', 'action': 'invocation', 'label': 'start', 'context': [<snowplow_tracker.self_describing_json.SelfDescribingJson object at 0x00000249071EC460>, <snowplow_tracker.self_describing_json.SelfDescribingJson object at 0x000002490C77FA60>, <snowplow_tracker.self_describing_json.SelfDescribingJson object at 0x000002490C77F880>]}


============================== 12:26:19.686505 | e017e322-02ab-44cc-9de8-c3b971f2ee23 ==============================
[0m12:26:19.686505 [info ] [MainThread]: Running with dbt=1.8.9
[0m12:26:19.687504 [debug] [MainThread]: running dbt with arguments {'printer_width': '80', 'indirect_selection': 'eager', 'log_cache_events': 'False', 'write_json': 'True', 'partial_parse': 'True', 'cache_selected_only': 'False', 'profiles_dir': 'C:\\Users\\user\\.dbt', 'fail_fast': 'False', 'version_check': 'True', 'log_path': 'logs', 'warn_error': 'None', 'debug': 'False', 'use_colors': 'True', 'use_experimental_parser': 'False', 'empty': 'None', 'quiet': 'False', 'no_print': 'None', 'log_format': 'default', 'static_parser': 'True', 'warn_error_options': 'WarnErrorOptions(include=[], exclude=[])', 'introspect': 'True', 'target_path': 'None', 'invocation_command': 'dbt init', 'send_anonymous_usage_stats': 'True'}
[0m12:27:09.066118 [error] [MainThread]: Encountered an error:

[0m12:27:09.068119 [error] [MainThread]: Traceback (most recent call last):
  File "D:\My_Code\Python\OoklaSpeed\lib\site-packages\dbt\cli\requires.py", line 138, in wrapper
    result, success = func(*args, **kwargs)
  File "D:\My_Code\Python\OoklaSpeed\lib\site-packages\dbt\cli\requires.py", line 101, in wrapper
    return func(*args, **kwargs)
  File "D:\My_Code\Python\OoklaSpeed\lib\site-packages\dbt\cli\main.py", line 470, in init
    results = task.run()
  File "D:\My_Code\Python\OoklaSpeed\lib\site-packages\dbt\task\init.py", line 325, in run
    project_name = self.get_valid_project_name()
  File "D:\My_Code\Python\OoklaSpeed\lib\site-packages\dbt\task\init.py", line 279, in get_valid_project_name
    name = click.prompt("Enter a name for your project (letters, digits, underscore)")
  File "D:\My_Code\Python\OoklaSpeed\lib\site-packages\click\termui.py", line 164, in prompt
    value = prompt_func(prompt)
  File "D:\My_Code\Python\OoklaSpeed\lib\site-packages\click\termui.py", line 147, in prompt_func
    raise Abort() from None
click.exceptions.Abort

[0m12:27:09.070118 [debug] [MainThread]: Command `dbt init` failed at 12:27:09.069117 after 49.51 seconds
[0m12:27:09.070118 [debug] [MainThread]: Sending event: {'category': 'dbt', 'action': 'invocation', 'label': 'end', 'context': [<snowplow_tracker.self_describing_json.SelfDescribingJson object at 0x00000249071EC460>, <snowplow_tracker.self_describing_json.SelfDescribingJson object at 0x000002490C778F70>, <snowplow_tracker.self_describing_json.SelfDescribingJson object at 0x000002490C778F10>]}
[0m12:27:09.071119 [debug] [MainThread]: Flushing usage events
[0m12:28:00.258092 [debug] [MainThread]: Sending event: {'category': 'dbt', 'action': 'invocation', 'label': 'start', 'context': [<snowplow_tracker.self_describing_json.SelfDescribingJson object at 0x0000023DCFFEC460>, <snowplow_tracker.self_describing_json.SelfDescribingJson object at 0x0000023DD5683A00>, <snowplow_tracker.self_describing_json.SelfDescribingJson object at 0x0000023DD5683820>]}


============================== 12:28:00.262091 | bfb82e74-e9a4-4052-83a3-b1349920ceed ==============================
[0m12:28:00.262091 [info ] [MainThread]: Running with dbt=1.8.9
[0m12:28:00.263091 [debug] [MainThread]: running dbt with arguments {'printer_width': '80', 'indirect_selection': 'eager', 'log_cache_events': 'False', 'write_json': 'True', 'partial_parse': 'True', 'cache_selected_only': 'False', 'warn_error': 'None', 'version_check': 'True', 'debug': 'False', 'log_path': 'logs', 'fail_fast': 'False', 'profiles_dir': 'C:\\Users\\user\\.dbt', 'use_colors': 'True', 'use_experimental_parser': 'False', 'empty': 'None', 'quiet': 'False', 'no_print': 'None', 'log_format': 'default', 'invocation_command': 'dbt init', 'introspect': 'True', 'static_parser': 'True', 'target_path': 'None', 'warn_error_options': 'WarnErrorOptions(include=[], exclude=[])', 'send_anonymous_usage_stats': 'True'}
[0m12:28:18.016947 [debug] [MainThread]: Starter project path: D:\My_Code\Python\OoklaSpeed\lib\site-packages\dbt\include\starter_project
[0m12:28:18.061948 [info ] [MainThread]: 
Your new dbt project "transform_Ookla" was created!

For more information on how to configure the profiles.yml file,
please consult the dbt documentation here:

  https://docs.getdbt.com/docs/configure-your-profile

One more thing:

Need help? Don't hesitate to reach out to us via GitHub issues or on Slack:

  https://community.getdbt.com/

Happy modeling!

[0m12:28:18.061948 [info ] [MainThread]: Setting up your profile.
[0m12:30:50.622206 [info ] [MainThread]: Profile transform_Ookla written to C:\Users\user\.dbt\profiles.yml using target's profile_template.yml and your supplied values. Run 'dbt debug' to validate the connection.
[0m12:30:50.624206 [debug] [MainThread]: Command `dbt init` succeeded at 12:30:50.623206 after 170.44 seconds
[0m12:30:50.624206 [debug] [MainThread]: Sending event: {'category': 'dbt', 'action': 'invocation', 'label': 'end', 'context': [<snowplow_tracker.self_describing_json.SelfDescribingJson object at 0x0000023DCFFEC460>, <snowplow_tracker.self_describing_json.SelfDescribingJson object at 0x0000023DD56837C0>, <snowplow_tracker.self_describing_json.SelfDescribingJson object at 0x0000023DD56834C0>]}
[0m12:30:50.625206 [debug] [MainThread]: Flushing usage events
[0m12:30:59.044033 [debug] [MainThread]: Sending event: {'category': 'dbt', 'action': 'invocation', 'label': 'start', 'context': [<snowplow_tracker.self_describing_json.SelfDescribingJson object at 0x00000214020EC3D0>, <snowplow_tracker.self_describing_json.SelfDescribingJson object at 0x000002140777FB50>, <snowplow_tracker.self_describing_json.SelfDescribingJson object at 0x000002140777F970>]}


============================== 12:30:59.049032 | 96019c7e-08a4-4bc2-a2da-e44ba1d5881e ==============================
[0m12:30:59.049032 [info ] [MainThread]: Running with dbt=1.8.9
[0m12:30:59.051033 [debug] [MainThread]: running dbt with arguments {'printer_width': '80', 'indirect_selection': 'eager', 'log_cache_events': 'False', 'write_json': 'True', 'partial_parse': 'True', 'cache_selected_only': 'False', 'profiles_dir': 'C:\\Users\\user\\.dbt', 'fail_fast': 'False', 'warn_error': 'None', 'log_path': 'logs', 'debug': 'False', 'version_check': 'True', 'use_colors': 'True', 'use_experimental_parser': 'False', 'no_print': 'None', 'quiet': 'False', 'empty': 'None', 'log_format': 'default', 'introspect': 'True', 'static_parser': 'True', 'invocation_command': 'dbt debug', 'target_path': 'None', 'warn_error_options': 'WarnErrorOptions(include=[], exclude=[])', 'send_anonymous_usage_stats': 'True'}
[0m12:30:59.084031 [info ] [MainThread]: dbt version: 1.8.9
[0m12:30:59.085032 [info ] [MainThread]: python version: 3.10.11
[0m12:30:59.086032 [info ] [MainThread]: python path: D:\My_Code\Python\OoklaSpeed\Scripts\python.exe
[0m12:30:59.086032 [info ] [MainThread]: os info: Windows-10-10.0.19045-SP0
[0m12:31:00.069351 [info ] [MainThread]: Error importing adapter: No module named 'dbt.adapters.postgres'
[0m12:31:00.073919 [info ] [MainThread]: Using profiles dir at C:\Users\user\.dbt
[0m12:31:00.074919 [info ] [MainThread]: Using profiles.yml file at C:\Users\user\.dbt\profiles.yml
[0m12:31:00.076920 [info ] [MainThread]: Using dbt_project.yml file at D:\My_Code\Python\OoklaSpeed\SourceCode\dbt_transform\dbt_project.yml
[0m12:31:00.077919 [info ] [MainThread]: Configuration:
[0m12:31:00.078920 [info ] [MainThread]:   profiles.yml file [[31mERROR invalid[0m]
[0m12:31:00.078920 [info ] [MainThread]:   dbt_project.yml file [[31mERROR not found[0m]
[0m12:31:00.079917 [info ] [MainThread]: Required dependencies:
[0m12:31:00.080917 [debug] [MainThread]: Executing "git --help"
[0m12:31:00.138918 [debug] [MainThread]: STDOUT: "b"usage: git [-v | --version] [-h | --help] [-C <path>] [-c <name>=<value>]\n           [--exec-path[=<path>]] [--html-path] [--man-path] [--info-path]\n           [-p | --paginate | -P | --no-pager] [--no-replace-objects] [--no-lazy-fetch]\n           [--no-optional-locks] [--no-advice] [--bare] [--git-dir=<path>]\n           [--work-tree=<path>] [--namespace=<name>] [--config-env=<name>=<envvar>]\n           <command> [<args>]\n\nThese are common Git commands used in various situations:\n\nstart a working area (see also: git help tutorial)\n   clone     Clone a repository into a new directory\n   init      Create an empty Git repository or reinitialize an existing one\n\nwork on the current change (see also: git help everyday)\n   add       Add file contents to the index\n   mv        Move or rename a file, a directory, or a symlink\n   restore   Restore working tree files\n   rm        Remove files from the working tree and from the index\n\nexamine the history and state (see also: git help revisions)\n   bisect    Use binary search to find the commit that introduced a bug\n   diff      Show changes between commits, commit and working tree, etc\n   grep      Print lines matching a pattern\n   log       Show commit logs\n   show      Show various types of objects\n   status    Show the working tree status\n\ngrow, mark and tweak your common history\n   branch    List, create, or delete branches\n   commit    Record changes to the repository\n   merge     Join two or more development histories together\n   rebase    Reapply commits on top of another base tip\n   reset     Reset current HEAD to the specified state\n   switch    Switch branches\n   tag       Create, list, delete or verify a tag object signed with GPG\n\ncollaborate (see also: git help workflows)\n   fetch     Download objects and refs from another repository\n   pull      Fetch from and integrate with another repository or a local branch\n   push      Update remote refs along with associated objects\n\n'git help -a' and 'git help -g' list available subcommands and some\nconcept guides. See 'git help <command>' or 'git help <concept>'\nto read about a specific subcommand or concept.\nSee 'git help git' for an overview of the system.\n""
[0m12:31:00.139917 [debug] [MainThread]: STDERR: "b''"
[0m12:31:00.140918 [info ] [MainThread]:  - git [[32mOK found[0m]

[0m12:31:00.141917 [info ] [MainThread]: Connection test skipped since no profile was found
[0m12:31:00.142917 [info ] [MainThread]: [31m2 checks failed:[0m
[0m12:31:00.143918 [info ] [MainThread]: Could not load dbt_project.yml
Profile loading failed for the following reason:
Runtime Error
  Credentials in profile "retail_pg", target "dev" invalid: Runtime Error
    Could not find adapter type postgres!


[0m12:31:00.144918 [info ] [MainThread]: Project loading failed for the following reason:
 project path <D:\My_Code\Python\OoklaSpeed\SourceCode\dbt_transform\dbt_project.yml> not found

[0m12:31:00.145920 [debug] [MainThread]: Command `dbt debug` failed at 12:31:00.145920 after 1.22 seconds
[0m12:31:00.146917 [debug] [MainThread]: Sending event: {'category': 'dbt', 'action': 'invocation', 'label': 'end', 'context': [<snowplow_tracker.self_describing_json.SelfDescribingJson object at 0x00000214020EC3D0>, <snowplow_tracker.self_describing_json.SelfDescribingJson object at 0x000002140777FC40>, <snowplow_tracker.self_describing_json.SelfDescribingJson object at 0x000002140777A770>]}
[0m12:31:00.146917 [debug] [MainThread]: Flushing usage events
